Fri May 20 16:38:13 CEST 2016 : Server di rete Apache Derby: 10.11.1.2 - (1629631) avviato e pronto ad accettare connessioni sulla porta 1527
----------------------------------------------------------------
Fri May 20 16:38:14 CEST 2016:
Avvio della versione di Derby The Apache Software Foundation - Apache Derby - 10.11.1.2 - (1629631): istanza a816c00e-0154-ce9a-32d6-000033712a01
sulla directory di database C:\Users\casur\Documents\NetBeansProjects\AMM\AmmM1\web\WEB-INF\db\Database AMM con caricatore classi sun.misc.Launcher$AppClassLoader@1d44bcfa 
Caricato da file:/C:/Program%20Files/Java/jdk1.8.0_91/db/lib/derby.jar
java.vendor=Oracle Corporation
java.runtime.version=1.8.0_91-b14
user.dir=C:\Program Files\Java\jdk1.8.0_91\db
os.name=Windows 10
os.arch=amd64
os.version=10.0
derby.system.home=C:\Users\casur\Documents\NetBeansProjects\AMM\AmmM1\web\WEB-INF\db
Programma di caricamento classe database avviato - derby.database.classpath=''
----------------------------------------------------------------
Fri May 20 16:38:36 CEST 2016:
Arresto dell'istanza a816c00e-0154-ce9a-32d6-000033712a01 nella directory del database C:\Users\casur\Documents\NetBeansProjects\AMM\AmmM1\web\WEB-INF\db\Database AMM con il caricatore di classi sun.misc.Launcher$AppClassLoader@1d44bcfa 
Fri May 20 16:38:36 CEST 2016 Thread[DRDAConnThread_3,5,main] (DATABASE = Database AMM), (DRDAID = {2}), Chiusura del database 'Database AMM'.
----------------------------------------------------------------
Fri May 20 16:39:34 CEST 2016:
Avvio della versione di Derby The Apache Software Foundation - Apache Derby - 10.11.1.2 - (1629631): istanza a65c80ac-0154-ce9a-32d6-000033712a01
sulla directory di database C:\Users\casur\Documents\NetBeansProjects\AMM\AmmM1\web\WEB-INF\db\ammdb con caricatore classi sun.misc.Launcher$AppClassLoader@1d44bcfa 
Caricato da file:/C:/Program%20Files/Java/jdk1.8.0_91/db/lib/derby.jar
java.vendor=Oracle Corporation
java.runtime.version=1.8.0_91-b14
user.dir=C:\Program Files\Java\jdk1.8.0_91\db
os.name=Windows 10
os.arch=amd64
os.version=10.0
derby.system.home=C:\Users\casur\Documents\NetBeansProjects\AMM\AmmM1\web\WEB-INF\db
Programma di caricamento classe database avviato - derby.database.classpath=''
----------------------------------------------------------------
Fri May 20 16:39:49 CEST 2016:
Arresto dell'istanza a65c80ac-0154-ce9a-32d6-000033712a01 nella directory del database C:\Users\casur\Documents\NetBeansProjects\AMM\AmmM1\web\WEB-INF\db\ammdb con il caricatore di classi sun.misc.Launcher$AppClassLoader@1d44bcfa 
Fri May 20 16:39:49 CEST 2016 Thread[DRDAConnThread_3,5,main] (DATABASE = ammdb), (DRDAID = {4}), Chiusura del database 'ammdb'.
----------------------------------------------------------------
Fri May 20 16:40:23 CEST 2016:
Avvio della versione di Derby The Apache Software Foundation - Apache Derby - 10.11.1.2 - (1629631): istanza 7d03414a-0154-ce9a-32d6-000033712a01
sulla directory di database C:\Users\casur\Documents\NetBeansProjects\AMM\AmmM1\web\WEB-INF\db\ammdb con caricatore classi sun.misc.Launcher$AppClassLoader@1d44bcfa 
Caricato da file:/C:/Program%20Files/Java/jdk1.8.0_91/db/lib/derby.jar
java.vendor=Oracle Corporation
java.runtime.version=1.8.0_91-b14
user.dir=C:\Program Files\Java\jdk1.8.0_91\db
os.name=Windows 10
os.arch=amd64
os.version=10.0
derby.system.home=C:\Users\casur\Documents\NetBeansProjects\AMM\AmmM1\web\WEB-INF\db
Programma di caricamento classe database avviato - derby.database.classpath=''
